-------------------------------------------------------------------------------
Test set: com.sg.ramimans.vendingmachine.dao.InventoryFileImplTest
-------------------------------------------------------------------------------
Tests run: 2, Failures: 1, Errors: 0, Skipped: 0, Time elapsed: 0.042 sec <<< FAILURE! - in com.sg.ramimans.vendingmachine.dao.InventoryFileImplTest
testAddGetAllProducts  Time elapsed: 0.007 sec  <<< FAILURE!
org.opentest4j.AssertionFailedError: The list of products should contain KitKat ==> expected: <true> but was: <false>
	at com.sg.ramimans.vendingmachine.dao.InventoryFileImplTest.testAddGetAllProducts(InventoryFileImplTest.java:73)

